21:03:39: Edge Data
21:03:39: ---------
21:03:39: Triangle 0 = {indexSet=0, vertexSet=0, v0=0, v1=1, v2=2}
21:03:39: Triangle 1 = {indexSet=0, vertexSet=0, v0=3, v1=4, v2=5}
21:03:39: Triangle 2 = {indexSet=0, vertexSet=0, v0=6, v1=7, v2=8}
21:03:39: Triangle 3 = {indexSet=0, vertexSet=0, v0=9, v1=10, v2=11}
21:03:39: Edge Group vertexSet=0
21:03:39: Edge 0 = {
  tri0=0, 
  tri1=1, 
  v0=0, 
  v1=1, 
  degenerate=false 
}
21:03:39: Edge 1 = {
  tri0=0, 
  tri1=18446744073709551615, 
  v0=1, 
  v1=2, 
  degenerate=true 
}
21:03:39: Edge 2 = {
  tri0=0, 
  tri1=18446744073709551615, 
  v0=2, 
  v1=0, 
  degenerate=true 
}
21:03:39: Edge 3 = {
  tri0=1, 
  tri1=18446744073709551615, 
  v0=3, 
  v1=4, 
  degenerate=true 
}
21:03:39: Edge 4 = {
  tri0=1, 
  tri1=18446744073709551615, 
  v0=4, 
  v1=5, 
  degenerate=true 
}
21:03:39: Edge 5 = {
  tri0=2, 
  tri1=3, 
  v0=6, 
  v1=7, 
  degenerate=false 
}
21:03:39: Edge 6 = {
  tri0=2, 
  tri1=18446744073709551615, 
  v0=7, 
  v1=8, 
  degenerate=true 
}
21:03:39: Edge 7 = {
  tri0=2, 
  tri1=18446744073709551615, 
  v0=8, 
  v1=6, 
  degenerate=true 
}
21:03:39: Edge 8 = {
  tri0=3, 
  tri1=18446744073709551615, 
  v0=9, 
  v1=10, 
  degenerate=true 
}
21:03:39: Edge 9 = {
  tri0=3, 
  tri1=18446744073709551615, 
  v0=10, 
  v1=11, 
  degenerate=true 
}
